<?xml version="1.0" encoding="utf-8"?>
<TestRun id="6fe115d0-f4a7-4175-9114-113b23efb50d" name="Admin@DESKTOP-HRKOFKI 2023-08-03 01:07:49" runUser="DESKTOP-HRKOFKI\Admin" xmlns="http://microsoft.com/schemas/VisualStudio/TeamTest/2010">
  <Times creation="2023-08-03T01:07:49.8365705+05:30" queuing="2023-08-03T01:07:49.8365705+05:30" start="2023-08-03T01:07:49.3448897+05:30" finish="2023-08-03T01:07:49.8985342+05:30" />
  <TestSettings name="default" id="d1d5783a-7fe1-42ec-b704-fd68730b1227">
    <Deployment runDeploymentRoot="Admin_DESKTOP-HRKOFKI_2023-08-03_01_07_49" />
  </TestSettings>
  <Results>
    <UnitTestResult executionId="2af111d0-13a0-4133-a15f-f6a15633a2ec" testId="a0dd2343-f25f-cf0b-0362-4fce274271b3" testName="DataTesting1" computerName="DESKTOP-HRKOFKI" duration="00:00:00.0007260" startTime="2023-08-03T01:07:49.8045882+05:30" endTime="2023-08-03T01:07:49.8055893+05:30" testType="13cdc9d9-ddb5-4fa4-a97d-d965ccfc6d4b" outcome="Passed" testListId="8c84fa94-04c1-424b-9868-57a2d4851a1d" relativeResultsDirectory="2af111d0-13a0-4133-a15f-f6a15633a2ec">
      <Output>
        <StdOut>DataTesting&#xD;
DataTesting</StdOut>
      </Output>
    </UnitTestResult>
    <UnitTestResult executionId="87f59c1c-792b-4728-b755-947091d5cd0d" testId="eb0bbcb1-ee51-9940-b9a0-b9e40619123b" testName="DataTesting" computerName="DESKTOP-HRKOFKI" duration="00:00:00.0438844" startTime="2023-08-03T01:07:49.6018752+05:30" endTime="2023-08-03T01:07:49.7866139+05:30" testType="13cdc9d9-ddb5-4fa4-a97d-d965ccfc6d4b" outcome="Failed" testListId="8c84fa94-04c1-424b-9868-57a2d4851a1d" relativeResultsDirectory="87f59c1c-792b-4728-b755-947091d5cd0d">
      <Output>
        <StdOut>DataTesting</StdOut>
        <ErrorInfo>
          <Message>Test method TestingProject.ITestingPractice.ITestingClassPractice.DataTesting threw exception: &#xD;
System.NullReferenceException: Object reference not set to an instance of an object.</Message>
          <StackTrace>    at TestingProject.ITestingPractice.ITestingClassPractice.DataTesting() in C:\Users\Admin\source\MyRepos\TestingProject\TestingProject\ITestingPractice\ITestingClassPractice.cs:line 41&#xD;
</StackTrace>
        </ErrorInfo>
      </Output>
    </UnitTestResult>
  </Results>
  <TestDefinitions>
    <UnitTest name="DataTesting1" storage="c:\users\admin\source\myrepos\testingproject\testingproject\bin\debug\testingproject.dll" priority="1" id="a0dd2343-f25f-cf0b-0362-4fce274271b3">
      <Owners>
        <Owner name="Thejas" />
      </Owners>
      <TestCategory>
        <TestCategoryItem TestCategory="TC" />
      </TestCategory>
      <Execution id="2af111d0-13a0-4133-a15f-f6a15633a2ec" />
      <TestMethod codeBase="C:\Users\Admin\source\MyRepos\TestingProject\TestingProject\bin\Debug\TestingProject.dll" adapterTypeName="executor://mstestadapter/v2" className="TestingProject.ITestingPractice.ITestingClassPractice" name="DataTesting1" />
    </UnitTest>
    <UnitTest name="DataTesting" storage="c:\users\admin\source\myrepos\testingproject\testingproject\bin\debug\testingproject.dll" priority="1" id="eb0bbcb1-ee51-9940-b9a0-b9e40619123b">
      <Owners>
        <Owner name="Thejas" />
      </Owners>
      <TestCategory>
        <TestCategoryItem TestCategory="TC" />
      </TestCategory>
      <Execution id="87f59c1c-792b-4728-b755-947091d5cd0d" />
      <TestMethod codeBase="C:\Users\Admin\source\MyRepos\TestingProject\TestingProject\bin\Debug\TestingProject.dll" adapterTypeName="executor://mstestadapter/v2" className="TestingProject.ITestingPractice.ITestingClassPractice" name="DataTesting" />
    </UnitTest>
  </TestDefinitions>
  <TestEntries>
    <TestEntry testId="a0dd2343-f25f-cf0b-0362-4fce274271b3" executionId="2af111d0-13a0-4133-a15f-f6a15633a2ec" testListId="8c84fa94-04c1-424b-9868-57a2d4851a1d" />
    <TestEntry testId="eb0bbcb1-ee51-9940-b9a0-b9e40619123b" executionId="87f59c1c-792b-4728-b755-947091d5cd0d" testListId="8c84fa94-04c1-424b-9868-57a2d4851a1d" />
  </TestEntries>
  <TestLists>
    <TestList name="Results Not in a List" id="8c84fa94-04c1-424b-9868-57a2d4851a1d" />
    <TestList name="All Loaded Results" id="19431567-8539-422a-85d7-44ee4e166bda" />
  </TestLists>
  <ResultSummary outcome="Failed">
    <Counters total="2" executed="2" passed="1" failed="1" error="0" timeout="0" aborted="0" inconclusive="0" passedButRunAborted="0" notRunnable="0" notExecuted="0" disconnected="0" warning="0" completed="0" inProgress="0" pending="0" />
  </ResultSummary>
</TestRun>