<?xml version="1.0" encoding="utf-8"?>
<TestRun id="72ac04f9-cc07-41c6-9933-a8d78f8022b3" name="Admin@DESKTOP-HRKOFKI 2023-08-03 01:19:13" runUser="DESKTOP-HRKOFKI\Admin" xmlns="http://microsoft.com/schemas/VisualStudio/TeamTest/2010">
  <Times creation="2023-08-03T01:19:13.8040948+05:30" queuing="2023-08-03T01:19:13.8040948+05:30" start="2023-08-03T01:19:12.0982387+05:30" finish="2023-08-03T01:19:14.2748242+05:30" />
  <TestSettings name="default" id="c46d8344-2cc0-4ccc-acde-b323de62ab36">
    <Deployment runDeploymentRoot="Admin_DESKTOP-HRKOFKI_2023-08-03_01_19_13" />
  </TestSettings>
  <Results>
    <UnitTestResult executionId="d31bd44f-bd91-41fa-8d7a-6606a756b0f5" testId="eb0bbcb1-ee51-9940-b9a0-b9e40619123b" testName="DataTesting" computerName="DESKTOP-HRKOFKI" duration="00:00:01.6550446" startTime="2023-08-03T01:19:12.3924969+05:30" endTime="2023-08-03T01:19:14.1758805+05:30" testType="13cdc9d9-ddb5-4fa4-a97d-d965ccfc6d4b" outcome="Passed" testListId="8c84fa94-04c1-424b-9868-57a2d4851a1d" relativeResultsDirectory="d31bd44f-bd91-41fa-8d7a-6606a756b0f5">
      <Output>
        <StdOut>DataTesting&#xD;
&#xD;


TestContext Messages:
DataTesting&#xD;
Chrome</StdOut>
      </Output>
    </UnitTestResult>
    <UnitTestResult executionId="a32ec370-5c24-4285-b0d9-455e95a91ef5" testId="a0dd2343-f25f-cf0b-0362-4fce274271b3" testName="DataTesting1" computerName="DESKTOP-HRKOFKI" duration="00:00:00.0098678" startTime="2023-08-03T01:19:12.3924969+05:30" endTime="2023-08-03T01:19:12.5364177+05:30" testType="13cdc9d9-ddb5-4fa4-a97d-d965ccfc6d4b" outcome="Passed" testListId="8c84fa94-04c1-424b-9868-57a2d4851a1d" relativeResultsDirectory="a32ec370-5c24-4285-b0d9-455e95a91ef5">
      <Output>
        <StdOut>DataTesting&#xD;
DataTesting&#xD;
Chrome</StdOut>
      </Output>
    </UnitTestResult>
  </Results>
  <TestDefinitions>
    <UnitTest name="DataTesting1" storage="c:\users\admin\source\myrepos\testingproject\testingproject\bin\debug\testingproject.dll" priority="1" id="a0dd2343-f25f-cf0b-0362-4fce274271b3">
      <Owners>
        <Owner name="Thejas" />
      </Owners>
      <TestCategory>
        <TestCategoryItem TestCategory="TC" />
      </TestCategory>
      <Execution id="a32ec370-5c24-4285-b0d9-455e95a91ef5" />
      <TestMethod codeBase="C:\Users\Admin\source\MyRepos\TestingProject\TestingProject\bin\Debug\TestingProject.dll" adapterTypeName="executor://mstestadapter/v2" className="TestingProject.ITestingPractice.ITestingClassPractice" name="DataTesting1" />
    </UnitTest>
    <UnitTest name="DataTesting" storage="c:\users\admin\source\myrepos\testingproject\testingproject\bin\debug\testingproject.dll" priority="1" id="eb0bbcb1-ee51-9940-b9a0-b9e40619123b">
      <Owners>
        <Owner name="Thejas" />
      </Owners>
      <TestCategory>
        <TestCategoryItem TestCategory="TC" />
      </TestCategory>
      <Execution id="d31bd44f-bd91-41fa-8d7a-6606a756b0f5" />
      <TestMethod codeBase="C:\Users\Admin\source\MyRepos\TestingProject\TestingProject\bin\Debug\TestingProject.dll" adapterTypeName="executor://mstestadapter/v2" className="TestingProject.ITestingPractice.ITestingClassPractice" name="DataTesting" />
    </UnitTest>
  </TestDefinitions>
  <TestEntries>
    <TestEntry testId="eb0bbcb1-ee51-9940-b9a0-b9e40619123b" executionId="d31bd44f-bd91-41fa-8d7a-6606a756b0f5" testListId="8c84fa94-04c1-424b-9868-57a2d4851a1d" />
    <TestEntry testId="a0dd2343-f25f-cf0b-0362-4fce274271b3" executionId="a32ec370-5c24-4285-b0d9-455e95a91ef5" testListId="8c84fa94-04c1-424b-9868-57a2d4851a1d" />
  </TestEntries>
  <TestLists>
    <TestList name="Results Not in a List" id="8c84fa94-04c1-424b-9868-57a2d4851a1d" />
    <TestList name="All Loaded Results" id="19431567-8539-422a-85d7-44ee4e166bda" />
  </TestLists>
  <ResultSummary outcome="Completed">
    <Counters total="2" executed="2" passed="2" failed="0" error="0" timeout="0" aborted="0" inconclusive="0" passedButRunAborted="0" notRunnable="0" notExecuted="0" disconnected="0" warning="0" completed="0" inProgress="0" pending="0" />
    <Output>
      <StdOut>MSTest Executor: Test Parallelization enabled for C:\Users\Admin\source\MyRepos\TestingProject\TestingProject\bin\Debug\TestingProject.dll (Workers: 5, Scope: MethodLevel).&#xD;
</StdOut>
    </Output>
  </ResultSummary>
</TestRun>