<?xml version="1.0" encoding="utf-8"?>
<TestRun id="89607a8f-83d5-49b5-959d-b9f545458e49" name="Admin@DESKTOP-HRKOFKI 2023-08-03 01:19:01" runUser="DESKTOP-HRKOFKI\Admin" xmlns="http://microsoft.com/schemas/VisualStudio/TeamTest/2010">
  <Times creation="2023-08-03T01:19:01.6988055+05:30" queuing="2023-08-03T01:19:01.6988055+05:30" start="2023-08-03T01:18:59.9534378+05:30" finish="2023-08-03T01:19:02.1905218+05:30" />
  <TestSettings name="default" id="83f1aace-0da8-409c-8a33-1c9a3b60076f">
    <Deployment runDeploymentRoot="Admin_DESKTOP-HRKOFKI_2023-08-03_01_19_01" />
  </TestSettings>
  <Results>
    <UnitTestResult executionId="13148963-61ac-4ff5-90c5-c8b5056db33e" testId="a0dd2343-f25f-cf0b-0362-4fce274271b3" testName="DataTesting1" computerName="DESKTOP-HRKOFKI" duration="00:00:00.0111097" startTime="2023-08-03T01:19:00.2475442+05:30" endTime="2023-08-03T01:19:00.3884680+05:30" testType="13cdc9d9-ddb5-4fa4-a97d-d965ccfc6d4b" outcome="Passed" testListId="8c84fa94-04c1-424b-9868-57a2d4851a1d" relativeResultsDirectory="13148963-61ac-4ff5-90c5-c8b5056db33e">
      <Output>
        <StdOut>DataTesting1&#xD;
DataTesting1&#xD;
Chrome</StdOut>
      </Output>
    </UnitTestResult>
    <UnitTestResult executionId="d1a98917-2281-45a0-bf70-ba716b526678" testId="eb0bbcb1-ee51-9940-b9a0-b9e40619123b" testName="DataTesting" computerName="DESKTOP-HRKOFKI" duration="00:00:01.5511502" startTime="2023-08-03T01:19:00.2475442+05:30" endTime="2023-08-03T01:19:01.9216743+05:30" testType="13cdc9d9-ddb5-4fa4-a97d-d965ccfc6d4b" outcome="Passed" testListId="8c84fa94-04c1-424b-9868-57a2d4851a1d" relativeResultsDirectory="d1a98917-2281-45a0-bf70-ba716b526678">
      <Output>
        <StdOut>DataTesting1&#xD;
&#xD;


TestContext Messages:
DataTesting1&#xD;
Chrome</StdOut>
      </Output>
    </UnitTestResult>
  </Results>
  <TestDefinitions>
    <UnitTest name="DataTesting1" storage="c:\users\admin\source\myrepos\testingproject\testingproject\bin\debug\testingproject.dll" priority="1" id="a0dd2343-f25f-cf0b-0362-4fce274271b3">
      <Owners>
        <Owner name="Thejas" />
      </Owners>
      <TestCategory>
        <TestCategoryItem TestCategory="TC" />
      </TestCategory>
      <Execution id="13148963-61ac-4ff5-90c5-c8b5056db33e" />
      <TestMethod codeBase="C:\Users\Admin\source\MyRepos\TestingProject\TestingProject\bin\Debug\TestingProject.dll" adapterTypeName="executor://mstestadapter/v2" className="TestingProject.ITestingPractice.ITestingClassPractice" name="DataTesting1" />
    </UnitTest>
    <UnitTest name="DataTesting" storage="c:\users\admin\source\myrepos\testingproject\testingproject\bin\debug\testingproject.dll" priority="1" id="eb0bbcb1-ee51-9940-b9a0-b9e40619123b">
      <Owners>
        <Owner name="Thejas" />
      </Owners>
      <TestCategory>
        <TestCategoryItem TestCategory="TC" />
      </TestCategory>
      <Execution id="d1a98917-2281-45a0-bf70-ba716b526678" />
      <TestMethod codeBase="C:\Users\Admin\source\MyRepos\TestingProject\TestingProject\bin\Debug\TestingProject.dll" adapterTypeName="executor://mstestadapter/v2" className="TestingProject.ITestingPractice.ITestingClassPractice" name="DataTesting" />
    </UnitTest>
  </TestDefinitions>
  <TestEntries>
    <TestEntry testId="a0dd2343-f25f-cf0b-0362-4fce274271b3" executionId="13148963-61ac-4ff5-90c5-c8b5056db33e" testListId="8c84fa94-04c1-424b-9868-57a2d4851a1d" />
    <TestEntry testId="eb0bbcb1-ee51-9940-b9a0-b9e40619123b" executionId="d1a98917-2281-45a0-bf70-ba716b526678" testListId="8c84fa94-04c1-424b-9868-57a2d4851a1d" />
  </TestEntries>
  <TestLists>
    <TestList name="Results Not in a List" id="8c84fa94-04c1-424b-9868-57a2d4851a1d" />
    <TestList name="All Loaded Results" id="19431567-8539-422a-85d7-44ee4e166bda" />
  </TestLists>
  <ResultSummary outcome="Completed">
    <Counters total="2" executed="2" passed="2" failed="0" error="0" timeout="0" aborted="0" inconclusive="0" passedButRunAborted="0" notRunnable="0" notExecuted="0" disconnected="0" warning="0" completed="0" inProgress="0" pending="0" />
    <Output>
      <StdOut>MSTest Executor: Test Parallelization enabled for C:\Users\Admin\source\MyRepos\TestingProject\TestingProject\bin\Debug\TestingProject.dll (Workers: 5, Scope: MethodLevel).&#xD;
</StdOut>
    </Output>
  </ResultSummary>
</TestRun>